<?xml version="1.0" encoding="UTF-8"?>
<!-- Generated by org.testng.reporters.JUnitReportReporter -->
<testsuite skipped="0" hostname="LAPTOP-C5JQGMV1" name="com.day01.CrossBrowserTesting" tests="2" failures="0" timestamp="31 Jan 2019 17:21:54 GMT" time="23.285" errors="0">
  <testcase name="FirefoxBrowser" time="16.075" classname="com.day01.CrossBrowserTesting"/>
  <testcase name="Chromebrowser" time="7.210" classname="com.day01.CrossBrowserTesting"/>
</testsuite> <!-- com.day01.CrossBrowserTesting -->
