<?xml version="1.0" encoding="UTF-8"?>
<!-- Generated by org.testng.reporters.JUnitReportReporter -->
<testsuite skipped="0" hostname="LAPTOP-C5JQGMV1" name="com.day01.CrossBrowserTesting" tests="2" failures="0" timestamp="31 Jan 2019 17:39:20 GMT" time="24.384" errors="0">
  <testcase name="Chromebrowser" time="7.049" classname="com.day01.CrossBrowserTesting"/>
  <testcase name="FirefoxBrowser" time="17.335" classname="com.day01.CrossBrowserTesting"/>
</testsuite> <!-- com.day01.CrossBrowserTesting -->
